##### START OF AREA REPORT #####[
Design view:work.fm_radio(verilog)
Selecting part EP4CE6E22A7

Total combinational functions 12116 of 6272 (193%)
Logic element usage by number of inputs
		  4 input functions 	 3574
		  3 input functions 	 1437
		  <=2 input functions 	 7105
Logic elements by mode
		  normal mode            6586
		  arithmetic mode        5530
Total registers 3683 of 6272 (58%)
I/O pins 80 of 180 (44%), total I/O based on largest package of this part.

Number of I/O registers
			Input DDRs    :0
			Output DDRs   :0

DSP.Simple_Multipliers_18_bit: 15
DSP Blocks:     15  (30 nine-bit DSP elements).
DSP Utilization: 100.00% of available 15 blocks (30 nine-bit).
ShiftTap:       0  (0 registers)
Total ESB:      15328 bits 

LPM latches:    625

##### END OF AREA REPORT #####]

