
                             Synplify (R) Premier 

                Version O-2018.09-SP1 for RHEL64 - Nov 27, 2018 

                    Copyright (c) 1988 - 2018 Synopsys, Inc.
   This software and the associated documentation are proprietary to Synopsys,
 Inc. This software may only be used in accordance with the terms and conditions
 of a written license agreement with Synopsys, Inc. All other use, reproduction,
            or distribution of this software is strictly prohibited.

Starting:    /vol/synopsys/fpga/O-2018.09-SP1/linux_a_64/mbin/synplify
Install:     /vol/synopsys/fpga/O-2018.09-SP1
Hostname:    joker.ece.northwestern.edu
Date:        Fri Mar  8 10:36:38 2024
Version:     O-2018.09-SP1

Arguments:   -product synplify_premier fm_radio.prj
ProductType: synplify_premier

License checkout: synplifypremierdp
License: synplifypremierdp from server synopsyslm.ece.northwestern.edu (Using premium license)
Licensed Vendor: All FPGA
License Option: ident



log file: "/home/mwp8699/CE387-Assignments/final_project/syn/rev_2/proj_2.srr"
Running: rev_2 in foreground

Running fm_radio|rev_2

Running Flow: compile (Compile) on fm_radio|rev_2
# Fri Mar  8 10:36:45 2024

Running Flow: compile_flow (Compile Process) on fm_radio|rev_2
# Fri Mar  8 10:36:45 2024
License granted for 4 parallel jobs

Running: compiler (Compile Input) on fm_radio|rev_2
# Fri Mar  8 10:36:45 2024
Copied /home/mwp8699/CE387-Assignments/final_project/syn/rev_2/synwork/proj_2_comp.srs to /home/mwp8699/CE387-Assignments/final_project/syn/rev_2/proj_2.srs

compiler completed
# Fri Mar  8 10:36:52 2024

Return Code: 0
Run Time:00h:00m:07s

Running: multi_srs_gen (Multi-srs Generator) on fm_radio|rev_2
# Fri Mar  8 10:36:52 2024

multi_srs_gen completed
# Fri Mar  8 10:36:52 2024

Return Code: 0
Run Time:00h:00m:00s
Copied /home/mwp8699/CE387-Assignments/final_project/syn/rev_2/synwork/proj_2_mult.srs to /home/mwp8699/CE387-Assignments/final_project/syn/rev_2/proj_2.srs
Complete: Compile Process on fm_radio|rev_2
Running FSM Explorer...

fsm_explorer_job completed
# Fri Mar  8 10:37:32 2024

Return Code: 0
Run Time:00h:00m:40s
using FSM Exploration result file: "/home/mwp8699/CE387-Assignments/final_project/syn/rev_2/proj_2_fsm.sdc"

Running: premap (Premap) on fm_radio|rev_2
# Fri Mar  8 10:37:32 2024

premap completed with warnings
# Fri Mar  8 10:37:33 2024

Return Code: 1
Run Time:00h:00m:01s
Complete: Compile on fm_radio|rev_2

Running Flow: map (Map) on fm_radio|rev_2
# Fri Mar  8 10:37:33 2024
License granted for 4 parallel jobs
using FSM Exploration result file: "/home/mwp8699/CE387-Assignments/final_project/syn/rev_2/proj_2_fsm.sdc"

Running: fpga_mapper (Map & Optimize) on fm_radio|rev_2
# Fri Mar  8 10:37:33 2024
Copied /home/mwp8699/CE387-Assignments/final_project/syn/rev_2/synwork/proj_2_m.srm to /home/mwp8699/CE387-Assignments/final_project/syn/rev_2/proj_2.srm

fpga_mapper completed with warnings
# Fri Mar  8 10:38:08 2024

Return Code: 1
Run Time:00h:00m:35s
Complete: Map on fm_radio|rev_2
Complete: Logic Synthesis on fm_radio|rev_2
