
Copyright (C) 1994-2018 Synopsys, Inc.
This Synopsys software and all associated documentation are proprietary to Synopsys, Inc.
and may only be used pursuant to the terms and conditions of a written license agreement
with Synopsys, Inc. All other use, reproduction, modification, or distribution of the
Synopsys software or the associated documentation is strictly prohibited.
Tool: Synplify (R) Premier
Build: O-2018.09-SP1
Install: /vol/synopsys/fpga/O-2018.09-SP1
OS: Red Hat Enterprise Linux 8.9 (Ootpa)
Hostname: joker.ece.northwestern.edu
max virtual memory: unlimited (bytes)
max user processes: 126575
max stack size: 8388608 (bytes)


Implementation : rev_2
Synopsys HDL compiler and linker, Version comp2018q4p1, Build 004R, Built Nov 27 2018 21:19:49

Modified Files: 27
FID:  path (prevtimestamp, timestamp)
0        /home/mwp8699/CE387-Assignments/final_project/sv/add.sv (N/A, 2024-03-06 17:04:18)
1        /home/mwp8699/CE387-Assignments/final_project/sv/demod_fir.sv (N/A, 2024-03-07 15:35:13)
2        /home/mwp8699/CE387-Assignments/final_project/sv/demodulate.sv (N/A, 2024-03-07 23:58:21)
3        /home/mwp8699/CE387-Assignments/final_project/sv/div.sv (N/A, 2024-03-07 23:59:27)
4        /home/mwp8699/CE387-Assignments/final_project/sv/fifo.sv (N/A, 2024-03-07 19:49:01)
5        /home/mwp8699/CE387-Assignments/final_project/sv/fir.sv (N/A, 2024-03-07 23:55:35)
6        /home/mwp8699/CE387-Assignments/final_project/sv/fir_cmplx.sv (N/A, 2024-03-08 01:15:02)
7        /home/mwp8699/CE387-Assignments/final_project/sv/fm_radio.sv (N/A, 2024-03-08 10:14:22)
8        /home/mwp8699/CE387-Assignments/final_project/sv/gain.sv (N/A, 2024-03-06 20:44:17)
9        /home/mwp8699/CE387-Assignments/final_project/sv/globals.sv (N/A, 2024-03-08 00:36:49)
10       /home/mwp8699/CE387-Assignments/final_project/sv/iir.sv (N/A, 2024-03-07 12:35:22)
11       /home/mwp8699/CE387-Assignments/final_project/sv/multiply.sv (N/A, 2024-03-07 17:18:13)
12       /home/mwp8699/CE387-Assignments/final_project/sv/qarctan.sv (N/A, 2024-03-07 23:59:52)
13       /home/mwp8699/CE387-Assignments/final_project/sv/read_iq.sv (N/A, 2024-03-08 00:11:45)
14       /home/mwp8699/CE387-Assignments/final_project/sv/square.sv (N/A, 2024-03-08 00:31:17)
15       /home/mwp8699/CE387-Assignments/final_project/sv/sub.sv (N/A, 2024-03-06 17:05:25)
16       /home/mwp8699/CE387-Assignments/final_project/syn/rev_2/synwork//distcomp/distcomp0/distcomp0.xmr (N/A, 2024-03-08 10:36:46)
17       /vol/synopsys/fpga/O-2018.09-SP1/lib/altera/altera.v (N/A, 2018-11-27 23:10:11)
18       /vol/synopsys/fpga/O-2018.09-SP1/lib/altera/quartus_prime181/altera_lpm.v (N/A, 2018-11-27 23:10:39)
19       /vol/synopsys/fpga/O-2018.09-SP1/lib/altera/quartus_prime181/altera_mf.v (N/A, 2018-11-27 23:10:39)
20       /vol/synopsys/fpga/O-2018.09-SP1/lib/altera/quartus_prime181/altera_primitives.v (N/A, 2018-11-27 23:10:39)
21       /vol/synopsys/fpga/O-2018.09-SP1/lib/altera/quartus_prime181/cycloneive.v (N/A, 2018-11-27 23:10:40)
22       /vol/synopsys/fpga/O-2018.09-SP1/lib/synip/hcei/zceistubs.v (N/A, 2018-11-27 23:12:11)
23       /vol/synopsys/fpga/O-2018.09-SP1/lib/vlog/hypermods.v (N/A, 2018-11-27 23:17:48)
24       /vol/synopsys/fpga/O-2018.09-SP1/lib/vlog/scemi_objects.v (N/A, 2018-11-27 23:17:48)
25       /vol/synopsys/fpga/O-2018.09-SP1/lib/vlog/scemi_pipes.svh (N/A, 2018-11-27 23:17:48)
26       /vol/synopsys/fpga/O-2018.09-SP1/lib/vlog/umr_capim.v (N/A, 2018-08-08 02:43:25)

*******************************************************************
Modules that may have changed as a result of file changes: 15
MID:  lib.cell.view
0        work.add.verilog may have changed because the following files changed:
                        /home/mwp8699/CE387-Assignments/final_project/sv/add.sv (N/A, 2024-03-06 17:04:18) <-- (module definition)
                        /home/mwp8699/CE387-Assignments/final_project/sv/fm_radio.sv (N/A, 2024-03-08 10:14:22) <-- (may instantiate this module)
1        work.demod_fir.verilog may have changed because the following files changed:
                        /home/mwp8699/CE387-Assignments/final_project/sv/demod_fir.sv (N/A, 2024-03-07 15:35:13) <-- (module definition)
                        /home/mwp8699/CE387-Assignments/final_project/sv/fm_radio.sv (N/A, 2024-03-08 10:14:22) <-- (may instantiate this module)
2        work.demodulate.verilog may have changed because the following files changed:
                        /home/mwp8699/CE387-Assignments/final_project/sv/demodulate.sv (N/A, 2024-03-07 23:58:21) <-- (module definition)
                        /home/mwp8699/CE387-Assignments/final_project/sv/fm_radio.sv (N/A, 2024-03-08 10:14:22) <-- (may instantiate this module)
3        work.div.verilog may have changed because the following files changed:
                        /home/mwp8699/CE387-Assignments/final_project/sv/demodulate.sv (N/A, 2024-03-07 23:58:21) <-- (may instantiate this module)
                        /home/mwp8699/CE387-Assignments/final_project/sv/div.sv (N/A, 2024-03-07 23:59:27) <-- (module definition)
                        /home/mwp8699/CE387-Assignments/final_project/sv/fm_radio.sv (N/A, 2024-03-08 10:14:22) <-- (may instantiate this module)
                        /home/mwp8699/CE387-Assignments/final_project/sv/qarctan.sv (N/A, 2024-03-07 23:59:52) <-- (may instantiate this module)
4        work.fifo.verilog may have changed because the following files changed:
                        /home/mwp8699/CE387-Assignments/final_project/sv/fifo.sv (N/A, 2024-03-07 19:49:01) <-- (module definition)
                        /home/mwp8699/CE387-Assignments/final_project/sv/fm_radio.sv (N/A, 2024-03-08 10:14:22) <-- (may instantiate this module)
5        work.fir.verilog may have changed because the following files changed:
                        /home/mwp8699/CE387-Assignments/final_project/sv/fir.sv (N/A, 2024-03-07 23:55:35) <-- (module definition)
                        /home/mwp8699/CE387-Assignments/final_project/sv/fm_radio.sv (N/A, 2024-03-08 10:14:22) <-- (may instantiate this module)
6        work.fir_cmplx.verilog may have changed because the following files changed:
                        /home/mwp8699/CE387-Assignments/final_project/sv/fir_cmplx.sv (N/A, 2024-03-08 01:15:02) <-- (module definition)
                        /home/mwp8699/CE387-Assignments/final_project/sv/fm_radio.sv (N/A, 2024-03-08 10:14:22) <-- (may instantiate this module)
7        work.fm_radio.verilog may have changed because the following files changed:
                        /home/mwp8699/CE387-Assignments/final_project/sv/fm_radio.sv (N/A, 2024-03-08 10:14:22) <-- (module definition)
8        work.gain.verilog may have changed because the following files changed:
                        /home/mwp8699/CE387-Assignments/final_project/sv/fm_radio.sv (N/A, 2024-03-08 10:14:22) <-- (may instantiate this module)
                        /home/mwp8699/CE387-Assignments/final_project/sv/gain.sv (N/A, 2024-03-06 20:44:17) <-- (module definition)
9        work.iir.verilog may have changed because the following files changed:
                        /home/mwp8699/CE387-Assignments/final_project/sv/fm_radio.sv (N/A, 2024-03-08 10:14:22) <-- (may instantiate this module)
                        /home/mwp8699/CE387-Assignments/final_project/sv/iir.sv (N/A, 2024-03-07 12:35:22) <-- (module definition)
10       work.multiply.verilog may have changed because the following files changed:
                        /home/mwp8699/CE387-Assignments/final_project/sv/fm_radio.sv (N/A, 2024-03-08 10:14:22) <-- (may instantiate this module)
                        /home/mwp8699/CE387-Assignments/final_project/sv/multiply.sv (N/A, 2024-03-07 17:18:13) <-- (module definition)
11       work.qarctan.verilog may have changed because the following files changed:
                        /home/mwp8699/CE387-Assignments/final_project/sv/demodulate.sv (N/A, 2024-03-07 23:58:21) <-- (may instantiate this module)
                        /home/mwp8699/CE387-Assignments/final_project/sv/fm_radio.sv (N/A, 2024-03-08 10:14:22) <-- (may instantiate this module)
                        /home/mwp8699/CE387-Assignments/final_project/sv/qarctan.sv (N/A, 2024-03-07 23:59:52) <-- (module definition)
12       work.read_iq.verilog may have changed because the following files changed:
                        /home/mwp8699/CE387-Assignments/final_project/sv/fm_radio.sv (N/A, 2024-03-08 10:14:22) <-- (may instantiate this module)
                        /home/mwp8699/CE387-Assignments/final_project/sv/read_iq.sv (N/A, 2024-03-08 00:11:45) <-- (module definition)
13       work.square.verilog may have changed because the following files changed:
                        /home/mwp8699/CE387-Assignments/final_project/sv/fm_radio.sv (N/A, 2024-03-08 10:14:22) <-- (may instantiate this module)
                        /home/mwp8699/CE387-Assignments/final_project/sv/square.sv (N/A, 2024-03-08 00:31:17) <-- (module definition)
14       work.sub.verilog may have changed because the following files changed:
                        /home/mwp8699/CE387-Assignments/final_project/sv/fm_radio.sv (N/A, 2024-03-08 10:14:22) <-- (may instantiate this module)
                        /home/mwp8699/CE387-Assignments/final_project/sv/sub.sv (N/A, 2024-03-06 17:05:25) <-- (module definition)

*******************************************************************
Unmodified files: 0
FID:  path (timestamp)

*******************************************************************
Unchanged modules: 0
MID:  lib.cell.view
