/vol/synopsys/fpga/O-2018.09-SP1/bin/m_altera  -prodtype  synplify_premier  -encrypt  -pro  -rundir  /home/mwp8699/CE387-Assignments/final_project/syn/rev_2   -part EP4CE6EA22-7    -maxfan 30 -verification_mode 0 -infer_seqShift -pipe -retiming -fixgatedclocks 1 -fixgeneratedclocks 1 -syn_altera_model on -mif_files_dirs " " -synthesis_strategy advanced -continue_on_error -validate_mif_files -automatic_compile_point -reporting_ctd 1 -RWCheckOnRam 1 -summaryfile /home/mwp8699/CE387-Assignments/final_project/syn/rev_2/synlog/report/proj_2_fpga_mapper.xml -merge_inferred_clocks 0  -map  -licensetype  synplifypremierdp  -flow mapping  -mp  4  -prjfile  /home/mwp8699/CE387-Assignments/final_project/syn/rev_2/scratchproject.prs  -implementation  rev_2  -multisrs  -vqm41  -ovqm  /home/mwp8699/CE387-Assignments/final_project/syn/rev_2/proj_2.vqm   -freq 100.000   /home/mwp8699/CE387-Assignments/final_project/syn/rev_2/synwork/proj_2_prem.srd  -tcl  /home/mwp8699/CE387-Assignments/final_project/syn/rev_2/proj_2_fsm.sdc  -sap  /home/mwp8699/CE387-Assignments/final_project/syn/rev_2/proj_2.sap  -otap  /home/mwp8699/CE387-Assignments/final_project/syn/rev_2/proj_2.tap  -omap  /home/mwp8699/CE387-Assignments/final_project/syn/rev_2/proj_2.map  -devicelib  /vol/synopsys/fpga/O-2018.09-SP1/lib/altera/altera.v  -devicelib  /vol/synopsys/fpga/O-2018.09-SP1/lib/altera/quartus_prime181/cycloneive.v  -devicelib  /vol/synopsys/fpga/O-2018.09-SP1/lib/altera/quartus_prime181/altera_mf.v  -devicelib  /vol/synopsys/fpga/O-2018.09-SP1/lib/altera/quartus_prime181/altera_lpm.v  -devicelib  /vol/synopsys/fpga/O-2018.09-SP1/lib/altera/quartus_prime181/altera_primitives.v  -sap  /home/mwp8699/CE387-Assignments/final_project/syn/rev_2/proj_2.sap  -ologparam  /home/mwp8699/CE387-Assignments/final_project/syn/rev_2/syntmp/proj_2.plg  -osyn  /home/mwp8699/CE387-Assignments/final_project/syn/rev_2/proj_2.srm  -prjdir  /home/mwp8699/CE387-Assignments/final_project/syn/  -prjname  fm_radio  -log  /home/mwp8699/CE387-Assignments/final_project/syn/rev_2/synlog/proj_2_fpga_mapper.srr  -sn  2018.09  -jobname  "fpga_mapper" 
relcom:/vol/synopsys/fpga/O-2018.09-SP1/bin/m_altera -prodtype synplify_premier -encrypt -pro -rundir ../../rev_2 -part EP4CE6EA22-7 -maxfan 30 -verification_mode 0 -infer_seqShift -pipe -retiming -fixgatedclocks 1 -fixgeneratedclocks 1 -syn_altera_model on -mif_files_dirs " " -synthesis_strategy advanced -continue_on_error -validate_mif_files -automatic_compile_point -reporting_ctd 1 -RWCheckOnRam 1 -summaryfile ../synlog/report/proj_2_fpga_mapper.xml -merge_inferred_clocks 0 -map -licensetype synplifypremierdp -flow mapping -mp 4 -prjfile ../scratchproject.prs -implementation rev_2 -multisrs -vqm41 -ovqm ../proj_2.vqm -freq 100.000 ../synwork/proj_2_prem.srd -tcl ../proj_2_fsm.sdc -sap ../proj_2.sap -otap ../proj_2.tap -omap ../proj_2.map -devicelib /vol/synopsys/fpga/O-2018.09-SP1/lib/altera/altera.v -devicelib /vol/synopsys/fpga/O-2018.09-SP1/lib/altera/quartus_prime181/cycloneive.v -devicelib /vol/synopsys/fpga/O-2018.09-SP1/lib/altera/quartus_prime181/altera_mf.v -devicelib /vol/synopsys/fpga/O-2018.09-SP1/lib/altera/quartus_prime181/altera_lpm.v -devicelib /vol/synopsys/fpga/O-2018.09-SP1/lib/altera/quartus_prime181/altera_primitives.v -sap ../proj_2.sap -ologparam proj_2.plg -osyn ../proj_2.srm -prjdir ../../ -prjname fm_radio -log ../synlog/proj_2_fpga_mapper.srr -sn 2018.09 -jobname "fpga_mapper"
rc:1 success:1 runtime:35
file:../scratchproject.prs|io:o|time:1709915805|size:3423|exec:0|csum:
file:../proj_2.vqm|io:o|time:1709915886|size:6280408|exec:0|csum:
file:../synwork/proj_2_prem.srd|io:i|time:1709915852|size:180639|exec:0|csum:54E0EF2F04699AA1A3435AD5687C371D
file:../proj_2_fsm.sdc|io:i|time:1709915851|size:446|exec:0|csum:B8672E11BA407F23032C8595503EE005
file:../proj_2.sap|io:o|time:1709915853|size:6929|exec:0|csum:
file:../proj_2.tap|io:o|time:0|size:-1|exec:0|csum:
file:../proj_2.map|io:o|time:1709915887|size:27|exec:0|csum:
file:/vol/synopsys/fpga/O-2018.09-SP1/lib/altera/altera.v|io:i|time:1543381811|size:761|exec:0|csum:530DBF8BEE396EFE8B33F0255371F1EA
file:/vol/synopsys/fpga/O-2018.09-SP1/lib/altera/quartus_prime181/cycloneive.v|io:i|time:1543381840|size:248626|exec:0|csum:B7FC851277DB49C2CA5F418047EB2E4F
file:/vol/synopsys/fpga/O-2018.09-SP1/lib/altera/quartus_prime181/altera_mf.v|io:i|time:1543381839|size:2618882|exec:0|csum:84794777C52804010B1D63698E285DB9
file:/vol/synopsys/fpga/O-2018.09-SP1/lib/altera/quartus_prime181/altera_lpm.v|io:i|time:1543381839|size:14867|exec:0|csum:01D82E1D5975CD832C9D765243E5182D
file:/vol/synopsys/fpga/O-2018.09-SP1/lib/altera/quartus_prime181/altera_primitives.v|io:i|time:1543381839|size:35286|exec:0|csum:C0AAD8CA21730C472D624582C058B929
file:../proj_2.sap|io:o|time:1709915853|size:6929|exec:0|csum:
file:proj_2.plg|io:o|time:1709915887|size:1703|exec:0|csum:
file:../proj_2.srm|io:o|time:1709915888|size:300516|exec:0|csum:
file:../synlog/proj_2_fpga_mapper.srr|io:o|time:1709915887|size:280948|exec:0|csum:
file:/vol/synopsys/fpga/O-2018.09-SP1/linux_a_64/m_altera|io:i|time:1543382473|size:31613712|exec:1|csum:5FBEB6EEDF3364EAF4B7F14711D19D39
file:/vol/synopsys/fpga/O-2018.09-SP1/bin/m_altera|io:i|time:1543381999|size:347|exec:1|csum:04851DFC0CBB288ED81DA3E420127D0D
