##### START OF AREA REPORT #####[
Design view:work.fm_radio(verilog)
Selecting part EP4CE6E22A7

Total combinational functions 14609 of 6272 (232%)
Logic element usage by number of inputs
		  4 input functions 	 6283
		  3 input functions 	 1410
		  <=2 input functions 	 6916
Logic elements by mode
		  normal mode            10226
		  arithmetic mode        4383
Total registers 9618 of 6272 (153%)
I/O pins 80 of 180 (44%), total I/O based on largest package of this part.

Number of I/O registers
			Input DDRs    :0
			Output DDRs   :0

DSP.Simple_Multipliers_18_bit: 15
DSP Blocks:     15  (30 nine-bit DSP elements).
DSP Utilization: 100.00% of available 15 blocks (30 nine-bit).
ShiftTap:       0  (0 registers)
Total ESB:      532480 bits 

LPM latches:    507
Black-boxes:    2

##### END OF AREA REPORT #####]

