/vol/synopsys/fpga/O-2018.09-SP1/bin/c_hdl  -osyn  /home/mwp8699/CE387-Assignments/final_project/syn/rev_1/synwork/proj_1_comp.srs  -hdllog  /home/mwp8699/CE387-Assignments/final_project/syn/rev_1/synlog/proj_1_compiler.srr  -encrypt  -mp  4  -prodtype  synplify_premier  -licensetype  synplifypremierdp  -distcompmode 1 -verification_mode 0  -verilog  -prodtype  synplify_premier  -verification_mode 0 -infer_seqShift -primux -fixsmult -dspmac -nram -divnmod -continue_on_error -nostructver   -I /home/mwp8699/CE387-Assignments/final_project/syn/  -I /vol/synopsys/fpga/O-2018.09-SP1/lib   -sysv  -devicelib  /vol/synopsys/fpga/O-2018.09-SP1/lib/altera/altera.v  -devicelib  /vol/synopsys/fpga/O-2018.09-SP1/lib/altera/quartus_prime181/cycloneive.v  -devicelib  /vol/synopsys/fpga/O-2018.09-SP1/lib/altera/quartus_prime181/altera_mf.v  -devicelib  /vol/synopsys/fpga/O-2018.09-SP1/lib/altera/quartus_prime181/altera_lpm.v  -devicelib  /vol/synopsys/fpga/O-2018.09-SP1/lib/altera/quartus_prime181/altera_primitives.v  -encrypt  -pro  -dmgen  /home/mwp8699/CE387-Assignments/final_project/syn/rev_1/dm  -auto_infer_blackbox 0 -proto -ui -fid2 -ram -sharing on -ll 2000 -autosm  -D_MULTIPLE_FILE_COMPILATION_UNIT_  -fast_synthesis 0  -lib work -fsysv /home/mwp8699/CE387-Assignments/final_project/sv/fifo.sv -lib work -fsysv /home/mwp8699/CE387-Assignments/final_project/sv/add.sv -lib work -fsysv /home/mwp8699/CE387-Assignments/final_project/sv/sub.sv -lib work -fsysv /home/mwp8699/CE387-Assignments/final_project/sv/div.sv -lib work -fsysv /home/mwp8699/CE387-Assignments/final_project/sv/qarctan.sv -lib work -fsysv /home/mwp8699/CE387-Assignments/final_project/sv/multiply.sv -lib work -fsysv /home/mwp8699/CE387-Assignments/final_project/sv/fir.sv -lib work -fsysv /home/mwp8699/CE387-Assignments/final_project/sv/fir_cmplx.sv -lib work -fsysv /home/mwp8699/CE387-Assignments/final_project/sv/iir.sv -lib work -fsysv /home/mwp8699/CE387-Assignments/final_project/sv/gain.sv -lib work -fsysv /home/mwp8699/CE387-Assignments/final_project/sv/read_iq.sv -lib work -fsysv /home/mwp8699/CE387-Assignments/final_project/sv/demodulate.sv -lib work -fsysv /home/mwp8699/CE387-Assignments/final_project/sv/globals.sv -lib work -fsysv /home/mwp8699/CE387-Assignments/final_project/sv/fm_radio.sv  -jobname  "compiler" 
relcom:/vol/synopsys/fpga/O-2018.09-SP1/bin/c_hdl -osyn ../synwork/proj_1_comp.srs -hdllog ../synlog/proj_1_compiler.srr -encrypt -mp 4 -prodtype synplify_premier -licensetype synplifypremierdp -distcompmode 1 -verification_mode 0 -verilog -prodtype synplify_premier -verification_mode 0 -infer_seqShift -primux -fixsmult -dspmac -nram -divnmod -continue_on_error -nostructver -I ../../ -I /vol/synopsys/fpga/O-2018.09-SP1/lib -sysv -devicelib /vol/synopsys/fpga/O-2018.09-SP1/lib/altera/altera.v -devicelib /vol/synopsys/fpga/O-2018.09-SP1/lib/altera/quartus_prime181/cycloneive.v -devicelib /vol/synopsys/fpga/O-2018.09-SP1/lib/altera/quartus_prime181/altera_mf.v -devicelib /vol/synopsys/fpga/O-2018.09-SP1/lib/altera/quartus_prime181/altera_lpm.v -devicelib /vol/synopsys/fpga/O-2018.09-SP1/lib/altera/quartus_prime181/altera_primitives.v -encrypt -pro -dmgen ../dm -auto_infer_blackbox 0 -proto -ui -fid2 -ram -sharing on -ll 2000 -autosm -D_MULTIPLE_FILE_COMPILATION_UNIT_ -fast_synthesis 0 -lib work -fsysv ../../../sv/fifo.sv -lib work -fsysv ../../../sv/add.sv -lib work -fsysv ../../../sv/sub.sv -lib work -fsysv ../../../sv/div.sv -lib work -fsysv ../../../sv/qarctan.sv -lib work -fsysv ../../../sv/multiply.sv -lib work -fsysv ../../../sv/fir.sv -lib work -fsysv ../../../sv/fir_cmplx.sv -lib work -fsysv ../../../sv/iir.sv -lib work -fsysv ../../../sv/gain.sv -lib work -fsysv ../../../sv/read_iq.sv -lib work -fsysv ../../../sv/demodulate.sv -lib work -fsysv ../../../sv/globals.sv -lib work -fsysv ../../../sv/fm_radio.sv -jobname "compiler"
rc:0 success:1 runtime:6
file:../synwork/proj_1_comp.srs|io:o|time:1709758375|size:69311|exec:0|csum:
file:../synlog/proj_1_compiler.srr|io:o|time:1709758375|size:24481|exec:0|csum:
file:/vol/synopsys/fpga/O-2018.09-SP1/lib/altera/altera.v|io:i|time:1543381811|size:761|exec:0|csum:530DBF8BEE396EFE8B33F0255371F1EA
file:/vol/synopsys/fpga/O-2018.09-SP1/lib/altera/quartus_prime181/cycloneive.v|io:i|time:1543381840|size:248626|exec:0|csum:B7FC851277DB49C2CA5F418047EB2E4F
file:/vol/synopsys/fpga/O-2018.09-SP1/lib/altera/quartus_prime181/altera_mf.v|io:i|time:1543381839|size:2618882|exec:0|csum:84794777C52804010B1D63698E285DB9
file:/vol/synopsys/fpga/O-2018.09-SP1/lib/altera/quartus_prime181/altera_lpm.v|io:i|time:1543381839|size:14867|exec:0|csum:01D82E1D5975CD832C9D765243E5182D
file:/vol/synopsys/fpga/O-2018.09-SP1/lib/altera/quartus_prime181/altera_primitives.v|io:i|time:1543381839|size:35286|exec:0|csum:C0AAD8CA21730C472D624582C058B929
file:./-fsysv|io:i|time:0|size:-1|exec:0|csum:
file:../../../sv/fifo.sv|io:i|time:1709743265|size:2419|exec:0|csum:6FFB0B8780BFB785EC7E47257ABD9318
file:./-fsysv|io:i|time:0|size:-1|exec:0|csum:
file:../../../sv/add.sv|io:i|time:1709743265|size:1392|exec:0|csum:00AED62F5930B1C56A557CD52C218FBD
file:./-fsysv|io:i|time:0|size:-1|exec:0|csum:
file:../../../sv/sub.sv|io:i|time:1709743265|size:1402|exec:0|csum:E25F6DEF724BD0D528A9D45FD7CA187D
file:./-fsysv|io:i|time:0|size:-1|exec:0|csum:
file:../../../sv/div.sv|io:i|time:1709744894|size:3685|exec:0|csum:9B44C0FB8FB22245B4EED269A5566778
file:./-fsysv|io:i|time:0|size:-1|exec:0|csum:
file:../../../sv/qarctan.sv|io:i|time:1709743889|size:4207|exec:0|csum:528625F409090F72095EB6ED086D2E0B
file:./-fsysv|io:i|time:0|size:-1|exec:0|csum:
file:../../../sv/multiply.sv|io:i|time:1709743265|size:2129|exec:0|csum:E7BDE0DE96BA1CBE2533CA574BAF3511
file:./-fsysv|io:i|time:0|size:-1|exec:0|csum:
file:../../../sv/fir.sv|io:i|time:1709743265|size:4481|exec:0|csum:36066B8B9E6F12F79A5D3548183BC686
file:./-fsysv|io:i|time:0|size:-1|exec:0|csum:
file:../../../sv/fir_cmplx.sv|io:i|time:1709743265|size:7534|exec:0|csum:D1F0A20613BBB88FD737C419040F9290
file:./-fsysv|io:i|time:0|size:-1|exec:0|csum:
file:../../../sv/iir.sv|io:i|time:1709743265|size:6675|exec:0|csum:23636DAC33E8A2CC0EC2C7036C559A16
file:./-fsysv|io:i|time:0|size:-1|exec:0|csum:
file:../../../sv/gain.sv|io:i|time:1709743265|size:1873|exec:0|csum:DCC2D389F53AE844B2DF7EBF58AD5269
file:./-fsysv|io:i|time:0|size:-1|exec:0|csum:
file:../../../sv/read_iq.sv|io:i|time:1709743265|size:2822|exec:0|csum:F95F799CC42416320752061ECE7573EC
file:./-fsysv|io:i|time:0|size:-1|exec:0|csum:
file:../../../sv/demodulate.sv|io:i|time:1709743912|size:4346|exec:0|csum:E1CD7BCCBFE45FBBC2546FDD2515AD0C
file:./-fsysv|io:i|time:0|size:-1|exec:0|csum:
file:../../../sv/globals.sv|io:i|time:1709745102|size:7035|exec:0|csum:CBD6D4A58F021CAC3ED3C2C32EFA0B10
file:./-fsysv|io:i|time:0|size:-1|exec:0|csum:
file:../../../sv/fm_radio.sv|io:i|time:1709745974|size:22367|exec:0|csum:B523B467514879FE66A5F333F6931686
file:/vol/synopsys/fpga/O-2018.09-SP1/linux_a_64/c_hdl|io:i|time:1543382462|size:8760008|exec:1|csum:CF968C540087EF9F5288FFCDBF191EA5
file:/vol/synopsys/fpga/O-2018.09-SP1/bin/c_hdl|io:i|time:1543382354|size:367|exec:1|csum:E52A0D56112AD6C22F02B648B6F508CE
