
Copyright (C) 1994-2018 Synopsys, Inc.
This Synopsys software and all associated documentation are proprietary to Synopsys, Inc.
and may only be used pursuant to the terms and conditions of a written license agreement
with Synopsys, Inc. All other use, reproduction, modification, or distribution of the
Synopsys software or the associated documentation is strictly prohibited.
Tool: Synplify (R) Premier
Build: O-2018.09-SP1
Install: /vol/synopsys/fpga/O-2018.09-SP1
OS: Red Hat Enterprise Linux 8.9 (Ootpa)
Hostname: joker.ece.northwestern.edu
max virtual memory: unlimited (bytes)
max user processes: 126575
max stack size: 8388608 (bytes)


Implementation : rev_1

# Written on Thu Mar  7 19:49:16 2024

##### DESIGN INFO #######################################################

Top View:                "fm_radio"
Constraint File(s):      "/home/mwp8699/CE387-Assignments/final_project/syn/rev_1/proj_1_fsm.sdc"




##### SUMMARY ############################################################

Found 0 issues in 0 out of 0 constraints


##### DETAILS ############################################################



Clock Relationships
*******************

Starting                                          Ending                                            |     rise to rise     |     fall to fall     |     rise to fall     |     fall to rise                     
---------------------------------------------------------------------------------------------------------------------------------------------------------------------------------------------------------------
System                                            fm_radio|clock                                    |     10.000           |     No paths         |     No paths         |     No paths                         
System                                            div_32s_32s|state_derived_clock[5]                |     10.000           |     No paths         |     No paths         |     No paths                         
fm_radio|clock                                    System                                            |     10.000           |     No paths         |     No paths         |     No paths                         
fm_radio|clock                                    fm_radio|clock                                    |     10.000           |     No paths         |     No paths         |     No paths                         
fm_radio|clock                                    add|state_derived_clock                           |     10.000           |     No paths         |     No paths         |     No paths                         
fm_radio|clock                                    gain_32s_10s_1|state_derived_clock[0]             |     10.000           |     No paths         |     No paths         |     No paths                         
fm_radio|clock                                    multiply_32s_0|state_derived_clock[0]             |     10.000           |     No paths         |     No paths         |     No paths                         
fm_radio|clock                                    read_iq_32s_16s_8s_10s|state_derived_clock[0]     |     10.000           |     No paths         |     5.000            |     No paths                         
fm_radio|clock                                    gain_32s_10s_0|state_derived_clock[0]             |     10.000           |     No paths         |     No paths         |     No paths                         
fm_radio|clock                                    multiply_32s_1|state_derived_clock[0]             |     10.000           |     No paths         |     No paths         |     No paths                         
fm_radio|clock                                    div_32s_32s|state_derived_clock[5]                |     10.000           |     No paths         |     No paths         |     No paths                         
add|state_derived_clock                           fm_radio|clock                                    |     10.000           |     No paths         |     No paths         |     No paths                         
gain_32s_10s_1|state_derived_clock[0]             fm_radio|clock                                    |     10.000           |     No paths         |     No paths         |     No paths                         
gain_32s_10s_1|state_derived_clock[0]             gain_32s_10s_1|state_derived_clock[0]             |     10.000           |     No paths         |     No paths         |     No paths                         
multiply_32s_0|state_derived_clock[0]             fm_radio|clock                                    |     10.000           |     No paths         |     No paths         |     No paths                         
multiply_32s_0|state_derived_clock[0]             multiply_32s_0|state_derived_clock[0]             |     10.000           |     No paths         |     No paths         |     No paths                         
read_iq_32s_16s_8s_10s|state_derived_clock[0]     fm_radio|clock                                    |     10.000           |     No paths         |     No paths         |     5.000                            
read_iq_32s_16s_8s_10s|state_derived_clock[0]     read_iq_32s_16s_8s_10s|state_derived_clock[0]     |     10.000           |     No paths         |     No paths         |     No paths                         
gain_32s_10s_0|state_derived_clock[0]             fm_radio|clock                                    |     10.000           |     No paths         |     No paths         |     No paths                         
gain_32s_10s_0|state_derived_clock[0]             gain_32s_10s_0|state_derived_clock[0]             |     10.000           |     No paths         |     No paths         |     No paths                         
multiply_32s_1|state_derived_clock[0]             fm_radio|clock                                    |     10.000           |     No paths         |     No paths         |     No paths                         
multiply_32s_1|state_derived_clock[0]             multiply_32s_1|state_derived_clock[0]             |     10.000           |     No paths         |     No paths         |     No paths                         
div_32s_32s|state_derived_clock[5]                fm_radio|clock                                    |     10.000           |     No paths         |     No paths         |     No paths                         
===============================================================================================================================================================================================================
 Note: 'No paths' indicates there are no paths in the design for that pair of clock edges.
       'Diff grp' indicates that paths exist but the starting clock and ending clock are in different clock groups.


Unconstrained Start/End Points
******************************

p:data_in[0]
p:data_in[1]
p:data_in[2]
p:data_in[3]
p:data_in[4]
p:data_in[5]
p:data_in[6]
p:data_in[7]
p:in_full
p:in_wr_en
p:left_audio_empty
p:left_audio_out[0]
p:left_audio_out[1]
p:left_audio_out[2]
p:left_audio_out[3]
p:left_audio_out[4]
p:left_audio_out[5]
p:left_audio_out[6]
p:left_audio_out[7]
p:left_audio_out[8]
p:left_audio_out[9]
p:left_audio_out[10]
p:left_audio_out[11]
p:left_audio_out[12]
p:left_audio_out[13]
p:left_audio_out[14]
p:left_audio_out[15]
p:left_audio_out[16]
p:left_audio_out[17]
p:left_audio_out[18]
p:left_audio_out[19]
p:left_audio_out[20]
p:left_audio_out[21]
p:left_audio_out[22]
p:left_audio_out[23]
p:left_audio_out[24]
p:left_audio_out[25]
p:left_audio_out[26]
p:left_audio_out[27]
p:left_audio_out[28]
p:left_audio_out[29]
p:left_audio_out[30]
p:left_audio_out[31]
p:left_audio_rd_en
p:reset
p:right_audio_empty
p:right_audio_out[0]
p:right_audio_out[1]
p:right_audio_out[2]
p:right_audio_out[3]
p:right_audio_out[4]
p:right_audio_out[5]
p:right_audio_out[6]
p:right_audio_out[7]
p:right_audio_out[8]
p:right_audio_out[9]
p:right_audio_out[10]
p:right_audio_out[11]
p:right_audio_out[12]
p:right_audio_out[13]
p:right_audio_out[14]
p:right_audio_out[15]
p:right_audio_out[16]
p:right_audio_out[17]
p:right_audio_out[18]
p:right_audio_out[19]
p:right_audio_out[20]
p:right_audio_out[21]
p:right_audio_out[22]
p:right_audio_out[23]
p:right_audio_out[24]
p:right_audio_out[25]
p:right_audio_out[26]
p:right_audio_out[27]
p:right_audio_out[28]
p:right_audio_out[29]
p:right_audio_out[30]
p:right_audio_out[31]
p:right_audio_rd_en


Inapplicable constraints
************************

(none)


Applicable constraints with issues
**********************************

(none)


Constraints with matching wildcard expressions
**********************************************

(none)


Library Report
**************


# End of Constraint Checker Report
